{
  "stats": {
    "suites": 71,
    "tests": 68,
    "passes": 68,
    "pending": 0,
    "failures": 0,
    "start": "2022-06-03T19:16:30.927Z",
    "end": "2022-06-03T19:16:43.767Z",
    "duration": 12840,
    "testsRegistered": 68,
    "passPercent": 100,
    "pendingPercent": 0,
    "other": 0,
    "hasOther": false,
    "skipped": 0,
    "hasSkipped": false
  },
  "results": [
    {
      "uuid": "dbde21c4-9a54-4228-9809-73a1a00c594d",
      "title": "",
      "fullFile": "",
      "file": "",
      "beforeHooks": [],
      "afterHooks": [],
      "tests": [],
      "suites": [
        {
          "uuid": "402bcec4-213b-4bca-9872-ec8b55e5ab93",
          "title": "Test RestockOrder CRUD features",
          "fullFile": "D:\\Documenti\\EzWarehouse\\Code\\EzWh\\code\\server\\acceptanceTest\\testEzWhAPI.js",
          "file": "\\acceptanceTest\\testEzWhAPI.js",
          "beforeHooks": [],
          "afterHooks": [],
          "tests": [],
          "suites": [
            {
              "uuid": "6f0b6a86-7324-48e3-8d69-78786d6a5367",
              "title": "Removing all Restock orders",
              "fullFile": "D:\\Documenti\\EzWarehouse\\Code\\EzWh\\code\\server\\acceptanceTest\\testEzWhAPI.js",
              "file": "\\acceptanceTest\\testEzWhAPI.js",
              "beforeHooks": [],
              "afterHooks": [],
              "tests": [
                {
                  "title": "Getting and removing",
                  "fullTitle": "Test RestockOrder CRUD features Removing all Restock orders Getting and removing",
                  "timedOut": false,
                  "duration": 324,
                  "state": "passed",
                  "speed": "slow",
                  "pass": true,
                  "fail": false,
                  "pending": false,
                  "context": null,
                  "code": "agent.get('/api/restockOrders')\n.then(function(res){\n    res.should.have.status(200);\n    if(res.body.length !==0){\n        for( let i=0; i< res.body.length; i++){\n            agent.delete('/api/restockOrder/'+res.body[i].id)\n            .then(function(res2){\n                res2.should.have.status(204);\n            });\n        }\n    }\n    done();\n}).catch(err => done(err));",
                  "err": {},
                  "uuid": "c09909b6-0664-4bf7-8884-099aec3e8793",
                  "parentUUID": "6f0b6a86-7324-48e3-8d69-78786d6a5367",
                  "isHook": false,
                  "skipped": false
                }
              ],
              "suites": [],
              "passes": [
                "c09909b6-0664-4bf7-8884-099aec3e8793"
              ],
              "failures": [],
              "pending": [],
              "skipped": [],
              "duration": 324,
              "root": false,
              "rootEmpty": false,
              "_timeout": 10000
            },
            {
              "uuid": "5a08985b-b241-4323-b93e-549748368fae",
              "title": "removing all skuitems",
              "fullFile": "D:\\Documenti\\EzWarehouse\\Code\\EzWh\\code\\server\\acceptanceTest\\testEzWhAPI.js",
              "file": "\\acceptanceTest\\testEzWhAPI.js",
              "beforeHooks": [],
              "afterHooks": [],
              "tests": [
                {
                  "title": "Getting SKUitems",
                  "fullTitle": "Test RestockOrder CRUD features removing all skuitems Getting SKUitems",
                  "timedOut": false,
                  "duration": 308,
                  "state": "passed",
                  "speed": "slow",
                  "pass": true,
                  "fail": false,
                  "pending": false,
                  "context": null,
                  "code": "const res = await agent.get('/api/skuitems');\nconsole.log(res.body);\nres.should.have.status(200);\nif (res.body.length !==0) {\n    let res2;\n    for (let i = 0; i < res.body.length; i++) {\n        res2 = await\n        agent.delete('/api/skuitems/'+res.body[i].RFID);\n        res2.should.have.status(204);\n        console.log(\"Deleted \"+ res.body[i].RFID);\n    }\n}\nconsole.log(\"done!\");",
                  "err": {},
                  "uuid": "ab418243-a78e-4993-a89f-7910db026e9a",
                  "parentUUID": "5a08985b-b241-4323-b93e-549748368fae",
                  "isHook": false,
                  "skipped": false
                }
              ],
              "suites": [],
              "passes": [
                "ab418243-a78e-4993-a89f-7910db026e9a"
              ],
              "failures": [],
              "pending": [],
              "skipped": [],
              "duration": 308,
              "root": false,
              "rootEmpty": false,
              "_timeout": 10000
            },
            {
              "uuid": "feede719-c13c-4b7b-ab45-02ea1c01aee6",
              "title": "removing all skus",
              "fullFile": "D:\\Documenti\\EzWarehouse\\Code\\EzWh\\code\\server\\acceptanceTest\\testEzWhAPI.js",
              "file": "\\acceptanceTest\\testEzWhAPI.js",
              "beforeHooks": [],
              "afterHooks": [],
              "tests": [
                {
                  "title": "Getting SKUs",
                  "fullTitle": "Test RestockOrder CRUD features removing all skus Getting SKUs",
                  "timedOut": false,
                  "duration": 299,
                  "state": "passed",
                  "speed": "slow",
                  "pass": true,
                  "fail": false,
                  "pending": false,
                  "context": null,
                  "code": "agent.get('/api/skus')\n.then(function (res) {\n    res.should.have.status(200);\n    if (res.body.length !==0) {\n        for (let i = 0; i < res.body.length; i++) {\n            agent.delete('/api/skus/'+res.body[i].id)\n            .then(function (res2) {\n                res2.should.have.status(204);\n            });\n        }\n    } \n    done();\n}).catch(err => done(err));",
                  "err": {},
                  "uuid": "f4971410-1e42-4238-a81e-3f37e3739285",
                  "parentUUID": "feede719-c13c-4b7b-ab45-02ea1c01aee6",
                  "isHook": false,
                  "skipped": false
                }
              ],
              "suites": [],
              "passes": [
                "f4971410-1e42-4238-a81e-3f37e3739285"
              ],
              "failures": [],
              "pending": [],
              "skipped": [],
              "duration": 299,
              "root": false,
              "rootEmpty": false,
              "_timeout": 10000
            },
            {
              "uuid": "6d8b28d7-aad3-428f-ae2b-f7bb4ec37e81",
              "title": " Delete all not manager",
              "fullFile": "D:\\Documenti\\EzWarehouse\\Code\\EzWh\\code\\server\\acceptanceTest\\testEzWhAPI.js",
              "file": "\\acceptanceTest\\testEzWhAPI.js",
              "beforeHooks": [],
              "afterHooks": [],
              "tests": [
                {
                  "title": "Cleaning db user util",
                  "fullTitle": "Test RestockOrder CRUD features  Delete all not manager Cleaning db user util",
                  "timedOut": false,
                  "duration": 283,
                  "state": "passed",
                  "speed": "slow",
                  "pass": true,
                  "fail": false,
                  "pending": false,
                  "context": null,
                  "code": "agent.get('/api/users')\n.then(function(res){\n    for(let i=0; i<res.body.length; i++){\n        //console.log(res.body[i].email);\n        agent.delete('/api/users/'+res.body[i].email+'/'+res.body[i].type)\n        .then(function(res2){\n            res2.should.have.status(204);\n        });\n    }\n    done();\n}).catch(err=>done(err));",
                  "err": {},
                  "uuid": "032ec4cc-5f40-4319-8885-f96ca90b68e6",
                  "parentUUID": "6d8b28d7-aad3-428f-ae2b-f7bb4ec37e81",
                  "isHook": false,
                  "skipped": false
                }
              ],
              "suites": [],
              "passes": [
                "032ec4cc-5f40-4319-8885-f96ca90b68e6"
              ],
              "failures": [],
              "pending": [],
              "skipped": [],
              "duration": 283,
              "root": false,
              "rootEmpty": false,
              "_timeout": 10000
            },
            {
              "uuid": "eea50656-e3ae-4d48-81e2-a74bb15f2693",
              "title": "post /api/sku/",
              "fullFile": "D:\\Documenti\\EzWarehouse\\Code\\EzWh\\code\\server\\acceptanceTest\\testEzWhAPI.js",
              "file": "\\acceptanceTest\\testEzWhAPI.js",
              "beforeHooks": [],
              "afterHooks": [],
              "tests": [
                {
                  "title": "FR 2.1 a -> Define a new SKU",
                  "fullTitle": "Test RestockOrder CRUD features post /api/sku/ FR 2.1 a -> Define a new SKU",
                  "timedOut": false,
                  "duration": 543,
                  "state": "passed",
                  "speed": "slow",
                  "pass": true,
                  "fail": false,
                  "pending": false,
                  "context": null,
                  "code": "agent.post('/api/sku/')\n.send(thesku)\n.then(function (res) {\n    res.should.have.status(expCode);\n    done();\n}).catch(err=>done(err));",
                  "err": {},
                  "uuid": "22c33010-35e7-482a-b14c-5dae126e248b",
                  "parentUUID": "eea50656-e3ae-4d48-81e2-a74bb15f2693",
                  "isHook": false,
                  "skipped": false
                }
              ],
              "suites": [],
              "passes": [
                "22c33010-35e7-482a-b14c-5dae126e248b"
              ],
              "failures": [],
              "pending": [],
              "skipped": [],
              "duration": 543,
              "root": false,
              "rootEmpty": false,
              "_timeout": 10000
            },
            {
              "uuid": "aaf4b8f1-49dd-47ee-aaa2-528d1a72f6aa",
              "title": "post /api/sku/",
              "fullFile": "D:\\Documenti\\EzWarehouse\\Code\\EzWh\\code\\server\\acceptanceTest\\testEzWhAPI.js",
              "file": "\\acceptanceTest\\testEzWhAPI.js",
              "beforeHooks": [],
              "afterHooks": [],
              "tests": [
                {
                  "title": "FR 2.1 a -> Define a new SKU",
                  "fullTitle": "Test RestockOrder CRUD features post /api/sku/ FR 2.1 a -> Define a new SKU",
                  "timedOut": false,
                  "duration": 218,
                  "state": "passed",
                  "speed": "slow",
                  "pass": true,
                  "fail": false,
                  "pending": false,
                  "context": null,
                  "code": "agent.post('/api/sku/')\n.send(thesku)\n.then(function (res) {\n    res.should.have.status(expCode);\n    done();\n}).catch(err=>done(err));",
                  "err": {},
                  "uuid": "0b0d6e93-6653-4cc4-bfb8-2abdd467deea",
                  "parentUUID": "aaf4b8f1-49dd-47ee-aaa2-528d1a72f6aa",
                  "isHook": false,
                  "skipped": false
                }
              ],
              "suites": [],
              "passes": [
                "0b0d6e93-6653-4cc4-bfb8-2abdd467deea"
              ],
              "failures": [],
              "pending": [],
              "skipped": [],
              "duration": 218,
              "root": false,
              "rootEmpty": false,
              "_timeout": 10000
            },
            {
              "uuid": "256ab53a-6989-4c9b-9b16-60fde591d474",
              "title": "get /api/skus",
              "fullFile": "D:\\Documenti\\EzWarehouse\\Code\\EzWh\\code\\server\\acceptanceTest\\testEzWhAPI.js",
              "file": "\\acceptanceTest\\testEzWhAPI.js",
              "beforeHooks": [],
              "afterHooks": [],
              "tests": [
                {
                  "title": "FR 2.3 -> List all SKUs",
                  "fullTitle": "Test RestockOrder CRUD features get /api/skus FR 2.3 -> List all SKUs",
                  "timedOut": false,
                  "duration": 13,
                  "state": "passed",
                  "speed": "fast",
                  "pass": true,
                  "fail": false,
                  "pending": false,
                  "context": null,
                  "code": "agent.get('/api/skus')\n.then(function (res) {\n    res.should.have.status(expCode);\n    res.body.should.be.a('array');\n    res.body.length.should.be.eql(size);\n    let id = [];\n    if (size > 0) {\n        for (let i = 0; i < size; i++) {\n            id[i] = res.body[i].id;\n            res.body[i].description.should.equal(sku[i].description);\n            res.body[i].weight.should.equal(sku[i].weight);\n            res.body[i].volume.should.equal(sku[i].volume);\n            res.body[i].notes.should.equal(sku[i].notes);\n            res.body[i].availableQuantity.should.equal(sku[i].availableQuantity);\n            res.body[i].price.should.equal(sku[i].price);\n        }\n        ids.setIdSku(id);\n    }             \n    done();\n}).catch(err=>done(err));",
                  "err": {},
                  "uuid": "440baada-f68a-4e2b-bc6f-f454907fed95",
                  "parentUUID": "256ab53a-6989-4c9b-9b16-60fde591d474",
                  "isHook": false,
                  "skipped": false
                }
              ],
              "suites": [],
              "passes": [
                "440baada-f68a-4e2b-bc6f-f454907fed95"
              ],
              "failures": [],
              "pending": [],
              "skipped": [],
              "duration": 13,
              "root": false,
              "rootEmpty": false,
              "_timeout": 10000
            },
            {
              "uuid": "ff5fdcd8-f6db-4ca0-9e4e-d434c0a89968",
              "title": " post /api/newUser",
              "fullFile": "D:\\Documenti\\EzWarehouse\\Code\\EzWh\\code\\server\\acceptanceTest\\testEzWhAPI.js",
              "file": "\\acceptanceTest\\testEzWhAPI.js",
              "beforeHooks": [],
              "afterHooks": [],
              "tests": [
                {
                  "title": "FR 1.1 a -> Define a new user",
                  "fullTitle": "Test RestockOrder CRUD features  post /api/newUser FR 1.1 a -> Define a new user",
                  "timedOut": false,
                  "duration": 296,
                  "state": "passed",
                  "speed": "slow",
                  "pass": true,
                  "fail": false,
                  "pending": false,
                  "context": null,
                  "code": "agent.post('/api/newUser')\n.send(myuser)\n.then(function(res){\n    res.should.have.status(expCode);\n    done();\n}).catch(err=>done(err));",
                  "err": {},
                  "uuid": "07e4ee81-1902-4e65-a19d-a6d8094fd810",
                  "parentUUID": "ff5fdcd8-f6db-4ca0-9e4e-d434c0a89968",
                  "isHook": false,
                  "skipped": false
                }
              ],
              "suites": [],
              "passes": [
                "07e4ee81-1902-4e65-a19d-a6d8094fd810"
              ],
              "failures": [],
              "pending": [],
              "skipped": [],
              "duration": 296,
              "root": false,
              "rootEmpty": false,
              "_timeout": 10000
            },
            {
              "uuid": "d6156eb0-bb46-4b28-be58-198d293617f8",
              "title": " post /api/newUser",
              "fullFile": "D:\\Documenti\\EzWarehouse\\Code\\EzWh\\code\\server\\acceptanceTest\\testEzWhAPI.js",
              "file": "\\acceptanceTest\\testEzWhAPI.js",
              "beforeHooks": [],
              "afterHooks": [],
              "tests": [
                {
                  "title": "FR 1.1 a -> Define a new user",
                  "fullTitle": "Test RestockOrder CRUD features  post /api/newUser FR 1.1 a -> Define a new user",
                  "timedOut": false,
                  "duration": 300,
                  "state": "passed",
                  "speed": "slow",
                  "pass": true,
                  "fail": false,
                  "pending": false,
                  "context": null,
                  "code": "agent.post('/api/newUser')\n.send(myuser)\n.then(function(res){\n    res.should.have.status(expCode);\n    done();\n}).catch(err=>done(err));",
                  "err": {},
                  "uuid": "39bf4e55-f308-4172-a5ec-6f03379d5f69",
                  "parentUUID": "d6156eb0-bb46-4b28-be58-198d293617f8",
                  "isHook": false,
                  "skipped": false
                }
              ],
              "suites": [],
              "passes": [
                "39bf4e55-f308-4172-a5ec-6f03379d5f69"
              ],
              "failures": [],
              "pending": [],
              "skipped": [],
              "duration": 300,
              "root": false,
              "rootEmpty": false,
              "_timeout": 10000
            },
            {
              "uuid": "1ef6f402-1dcb-46e4-83b1-af1561802b55",
              "title": "post /api/skuitem/",
              "fullFile": "D:\\Documenti\\EzWarehouse\\Code\\EzWh\\code\\server\\acceptanceTest\\testEzWhAPI.js",
              "file": "\\acceptanceTest\\testEzWhAPI.js",
              "beforeHooks": [],
              "afterHooks": [],
              "tests": [
                {
                  "title": "Adding skuitem details",
                  "fullTitle": "Test RestockOrder CRUD features post /api/skuitem/ Adding skuitem details",
                  "timedOut": false,
                  "duration": 299,
                  "state": "passed",
                  "speed": "slow",
                  "pass": true,
                  "fail": false,
                  "pending": false,
                  "context": null,
                  "code": "let id = ids.getIdSku();\nlet skuitem;\nif(myskuitem.SKUId > id.length || myskuitem.SKUId === null){\n    skuitem = newSkuItem(myskuitem.RFID, myskuitem.SKUId , myskuitem.DateOfStock); \n}\nelse{\n    skuitem = newSkuItem(myskuitem.RFID, id[myskuitem.SKUId] , myskuitem.DateOfStock);\n}\nagent.post('/api/skuitem/')\n.send(skuitem)\n.then(function (res) {\n    res.should.have.status(expCode);\n    done();\n}).catch(err=>done(err));",
                  "err": {},
                  "uuid": "2743bea9-ce9a-4f7c-8e75-7ad3284d552b",
                  "parentUUID": "1ef6f402-1dcb-46e4-83b1-af1561802b55",
                  "isHook": false,
                  "skipped": false
                }
              ],
              "suites": [],
              "passes": [
                "2743bea9-ce9a-4f7c-8e75-7ad3284d552b"
              ],
              "failures": [],
              "pending": [],
              "skipped": [],
              "duration": 299,
              "root": false,
              "rootEmpty": false,
              "_timeout": 10000
            },
            {
              "uuid": "5d86a9d5-f5cf-4a34-bf28-e9d149052acf",
              "title": "post /api/skuitem/",
              "fullFile": "D:\\Documenti\\EzWarehouse\\Code\\EzWh\\code\\server\\acceptanceTest\\testEzWhAPI.js",
              "file": "\\acceptanceTest\\testEzWhAPI.js",
              "beforeHooks": [],
              "afterHooks": [],
              "tests": [
                {
                  "title": "Adding skuitem details",
                  "fullTitle": "Test RestockOrder CRUD features post /api/skuitem/ Adding skuitem details",
                  "timedOut": false,
                  "duration": 134,
                  "state": "passed",
                  "speed": "slow",
                  "pass": true,
                  "fail": false,
                  "pending": false,
                  "context": null,
                  "code": "let id = ids.getIdSku();\nlet skuitem;\nif(myskuitem.SKUId > id.length || myskuitem.SKUId === null){\n    skuitem = newSkuItem(myskuitem.RFID, myskuitem.SKUId , myskuitem.DateOfStock); \n}\nelse{\n    skuitem = newSkuItem(myskuitem.RFID, id[myskuitem.SKUId] , myskuitem.DateOfStock);\n}\nagent.post('/api/skuitem/')\n.send(skuitem)\n.then(function (res) {\n    res.should.have.status(expCode);\n    done();\n}).catch(err=>done(err));",
                  "err": {},
                  "uuid": "f139c18b-7e0e-4698-b1d3-7dc06f05c92f",
                  "parentUUID": "5d86a9d5-f5cf-4a34-bf28-e9d149052acf",
                  "isHook": false,
                  "skipped": false
                }
              ],
              "suites": [],
              "passes": [
                "f139c18b-7e0e-4698-b1d3-7dc06f05c92f"
              ],
              "failures": [],
              "pending": [],
              "skipped": [],
              "duration": 134,
              "root": false,
              "rootEmpty": false,
              "_timeout": 10000
            },
            {
              "uuid": "0d07c887-5845-4c13-b9fd-fb1e001789fa",
              "title": " get /api/suppliers",
              "fullFile": "D:\\Documenti\\EzWarehouse\\Code\\EzWh\\code\\server\\acceptanceTest\\testEzWhAPI.js",
              "file": "\\acceptanceTest\\testEzWhAPI.js",
              "beforeHooks": [],
              "afterHooks": [],
              "tests": [
                {
                  "title": " get all suppliers",
                  "fullTitle": "Test RestockOrder CRUD features  get /api/suppliers  get all suppliers",
                  "timedOut": false,
                  "duration": 5,
                  "state": "passed",
                  "speed": "fast",
                  "pass": true,
                  "fail": false,
                  "pending": false,
                  "context": null,
                  "code": "let idsupp = [];\nagent.get('/api/suppliers')\n.then(function(res){\n    for(let i=0; i<res.body.length; i++){\n        idsupp[i] = res.body[i].id;\n    }\n    ids.setIdSuppliers(idsupp);\n    //console.log(res.body);\n    done();\n}).catch(err=>done(err));",
                  "err": {},
                  "uuid": "d2dc3d59-89dc-4246-bc14-059f68194a28",
                  "parentUUID": "0d07c887-5845-4c13-b9fd-fb1e001789fa",
                  "isHook": false,
                  "skipped": false
                }
              ],
              "suites": [],
              "passes": [
                "d2dc3d59-89dc-4246-bc14-059f68194a28"
              ],
              "failures": [],
              "pending": [],
              "skipped": [],
              "duration": 5,
              "root": false,
              "rootEmpty": false,
              "_timeout": 10000
            },
            {
              "uuid": "3e16e2d6-7a70-48b2-8587-e97ceb6527db",
              "title": "post /api/restockOrder",
              "fullFile": "D:\\Documenti\\EzWarehouse\\Code\\EzWh\\code\\server\\acceptanceTest\\testEzWhAPI.js",
              "file": "\\acceptanceTest\\testEzWhAPI.js",
              "beforeHooks": [],
              "afterHooks": [],
              "tests": [
                {
                  "title": " Create a restock order",
                  "fullTitle": "Test RestockOrder CRUD features post /api/restockOrder  Create a restock order",
                  "timedOut": false,
                  "duration": 297,
                  "state": "passed",
                  "speed": "slow",
                  "pass": true,
                  "fail": false,
                  "pending": false,
                  "context": null,
                  "code": "let idskus = ids.getIdSku();\nlet idsupp = ids.getIdSuppliers();\nlet currentProducts = [];\nlet currentRestock;\nagent.get('/api/suppliers')\n.then(function(res){\n    currentSupplierId = res.body[0].id\n    for(let i=0; i<myrestock.products.length ; i++){\n        currentProducts[i] = newProduct(idskus[myrestock.products[i].SKUId], myrestock.products[i].description, myrestock.products[i].price, myrestock.products[i].qty );\n    }\n    currentRestock = newRestockOrder(myrestock.issueDate, currentProducts, idsupp[myrestock.supplierId]);\n    agent.post('/api/restockOrder')\n    .send(currentRestock)\n    .then(function(res2){\n        res2.should.have.status(expCode);\n        done();\n    }).catch(err=>done(err));\n});",
                  "err": {},
                  "uuid": "21312718-5d32-4a6e-8fb1-4209969ef0d6",
                  "parentUUID": "3e16e2d6-7a70-48b2-8587-e97ceb6527db",
                  "isHook": false,
                  "skipped": false
                }
              ],
              "suites": [],
              "passes": [
                "21312718-5d32-4a6e-8fb1-4209969ef0d6"
              ],
              "failures": [],
              "pending": [],
              "skipped": [],
              "duration": 297,
              "root": false,
              "rootEmpty": false,
              "_timeout": 10000
            },
            {
              "uuid": "47996b54-ec6b-4c5b-b877-b998f7275b07",
              "title": "post /api/restockOrder",
              "fullFile": "D:\\Documenti\\EzWarehouse\\Code\\EzWh\\code\\server\\acceptanceTest\\testEzWhAPI.js",
              "file": "\\acceptanceTest\\testEzWhAPI.js",
              "beforeHooks": [],
              "afterHooks": [],
              "tests": [
                {
                  "title": " Create a restock order",
                  "fullTitle": "Test RestockOrder CRUD features post /api/restockOrder  Create a restock order",
                  "timedOut": false,
                  "duration": 106,
                  "state": "passed",
                  "speed": "slow",
                  "pass": true,
                  "fail": false,
                  "pending": false,
                  "context": null,
                  "code": "let idskus = ids.getIdSku();\nlet idsupp = ids.getIdSuppliers();\nlet currentProducts = [];\nlet currentRestock;\nagent.get('/api/suppliers')\n.then(function(res){\n    currentSupplierId = res.body[0].id\n    for(let i=0; i<myrestock.products.length ; i++){\n        currentProducts[i] = newProduct(idskus[myrestock.products[i].SKUId], myrestock.products[i].description, myrestock.products[i].price, myrestock.products[i].qty );\n    }\n    currentRestock = newRestockOrder(myrestock.issueDate, currentProducts, idsupp[myrestock.supplierId]);\n    agent.post('/api/restockOrder')\n    .send(currentRestock)\n    .then(function(res2){\n        res2.should.have.status(expCode);\n        done();\n    }).catch(err=>done(err));\n});",
                  "err": {},
                  "uuid": "218a356d-7924-40a8-942a-caeed057e3b3",
                  "parentUUID": "47996b54-ec6b-4c5b-b877-b998f7275b07",
                  "isHook": false,
                  "skipped": false
                }
              ],
              "suites": [],
              "passes": [
                "218a356d-7924-40a8-942a-caeed057e3b3"
              ],
              "failures": [],
              "pending": [],
              "skipped": [],
              "duration": 106,
              "root": false,
              "rootEmpty": false,
              "_timeout": 10000
            },
            {
              "uuid": "60cd5542-31e2-4947-9fd8-263e297fa91e",
              "title": "post /api/skuitem/",
              "fullFile": "D:\\Documenti\\EzWarehouse\\Code\\EzWh\\code\\server\\acceptanceTest\\testEzWhAPI.js",
              "file": "\\acceptanceTest\\testEzWhAPI.js",
              "beforeHooks": [],
              "afterHooks": [],
              "tests": [
                {
                  "title": "Adding skuitem details",
                  "fullTitle": "Test RestockOrder CRUD features post /api/skuitem/ Adding skuitem details",
                  "timedOut": false,
                  "duration": 292,
                  "state": "passed",
                  "speed": "slow",
                  "pass": true,
                  "fail": false,
                  "pending": false,
                  "context": null,
                  "code": "let id = ids.getIdSku();\nlet skuitem;\nif(myskuitem.SKUId > id.length || myskuitem.SKUId === null){\n    skuitem = newSkuItem(myskuitem.RFID, myskuitem.SKUId , myskuitem.DateOfStock); \n}\nelse{\n    skuitem = newSkuItem(myskuitem.RFID, id[myskuitem.SKUId] , myskuitem.DateOfStock);\n}\nagent.post('/api/skuitem/')\n.send(skuitem)\n.then(function (res) {\n    res.should.have.status(expCode);\n    done();\n}).catch(err=>done(err));",
                  "err": {},
                  "uuid": "035a9892-7c4d-43ad-a80f-2d0a43c22434",
                  "parentUUID": "60cd5542-31e2-4947-9fd8-263e297fa91e",
                  "isHook": false,
                  "skipped": false
                }
              ],
              "suites": [],
              "passes": [
                "035a9892-7c4d-43ad-a80f-2d0a43c22434"
              ],
              "failures": [],
              "pending": [],
              "skipped": [],
              "duration": 292,
              "root": false,
              "rootEmpty": false,
              "_timeout": 10000
            },
            {
              "uuid": "4a5f979d-924a-472f-b133-4a5e01d3fde1",
              "title": "post /api/skuitem/",
              "fullFile": "D:\\Documenti\\EzWarehouse\\Code\\EzWh\\code\\server\\acceptanceTest\\testEzWhAPI.js",
              "file": "\\acceptanceTest\\testEzWhAPI.js",
              "beforeHooks": [],
              "afterHooks": [],
              "tests": [
                {
                  "title": "Adding skuitem details",
                  "fullTitle": "Test RestockOrder CRUD features post /api/skuitem/ Adding skuitem details",
                  "timedOut": false,
                  "duration": 220,
                  "state": "passed",
                  "speed": "slow",
                  "pass": true,
                  "fail": false,
                  "pending": false,
                  "context": null,
                  "code": "let id = ids.getIdSku();\nlet skuitem;\nif(myskuitem.SKUId > id.length || myskuitem.SKUId === null){\n    skuitem = newSkuItem(myskuitem.RFID, myskuitem.SKUId , myskuitem.DateOfStock); \n}\nelse{\n    skuitem = newSkuItem(myskuitem.RFID, id[myskuitem.SKUId] , myskuitem.DateOfStock);\n}\nagent.post('/api/skuitem/')\n.send(skuitem)\n.then(function (res) {\n    res.should.have.status(expCode);\n    done();\n}).catch(err=>done(err));",
                  "err": {},
                  "uuid": "f204825f-8594-4255-8c30-d0b7bbd200cb",
                  "parentUUID": "4a5f979d-924a-472f-b133-4a5e01d3fde1",
                  "isHook": false,
                  "skipped": false
                }
              ],
              "suites": [],
              "passes": [
                "f204825f-8594-4255-8c30-d0b7bbd200cb"
              ],
              "failures": [],
              "pending": [],
              "skipped": [],
              "duration": 220,
              "root": false,
              "rootEmpty": false,
              "_timeout": 10000
            },
            {
              "uuid": "d780cc9a-a90f-4c66-8041-b419d2df4f1d",
              "title": "post /api/restockOrder",
              "fullFile": "D:\\Documenti\\EzWarehouse\\Code\\EzWh\\code\\server\\acceptanceTest\\testEzWhAPI.js",
              "file": "\\acceptanceTest\\testEzWhAPI.js",
              "beforeHooks": [],
              "afterHooks": [],
              "tests": [
                {
                  "title": " Create a restock order",
                  "fullTitle": "Test RestockOrder CRUD features post /api/restockOrder  Create a restock order",
                  "timedOut": false,
                  "duration": 19,
                  "state": "passed",
                  "speed": "fast",
                  "pass": true,
                  "fail": false,
                  "pending": false,
                  "context": null,
                  "code": "let idskus = ids.getIdSku();\nlet firstSupplierId;\nagent.get('/api/suppliers')\n.then(function(res){\n    firstSupplierId = res.body[0].id;\n    agent.post('/api/restockOrder')\n    .send(myrestock)\n    .then(function(res2){\n        res2.should.have.status(expCode);\n        done();\n    }).catch(err=>done(err));\n});",
                  "err": {},
                  "uuid": "127bf1f4-b638-4c3a-ba95-f6fd3d181168",
                  "parentUUID": "d780cc9a-a90f-4c66-8041-b419d2df4f1d",
                  "isHook": false,
                  "skipped": false
                }
              ],
              "suites": [],
              "passes": [
                "127bf1f4-b638-4c3a-ba95-f6fd3d181168"
              ],
              "failures": [],
              "pending": [],
              "skipped": [],
              "duration": 19,
              "root": false,
              "rootEmpty": false,
              "_timeout": 10000
            },
            {
              "uuid": "75270b67-4500-494a-a04e-3d3a72d82b2d",
              "title": " get /api/restockOrders",
              "fullFile": "D:\\Documenti\\EzWarehouse\\Code\\EzWh\\code\\server\\acceptanceTest\\testEzWhAPI.js",
              "file": "\\acceptanceTest\\testEzWhAPI.js",
              "beforeHooks": [],
              "afterHooks": [],
              "tests": [
                {
                  "title": " get all restock orders",
                  "fullTitle": "Test RestockOrder CRUD features  get /api/restockOrders  get all restock orders",
                  "timedOut": false,
                  "duration": 4,
                  "state": "passed",
                  "speed": "fast",
                  "pass": true,
                  "fail": false,
                  "pending": false,
                  "context": null,
                  "code": "agent.get('/api/restockOrders')\n.then(function(res){\n    res.should.have.status(expCode);\n    res.body.should.be.a('array');\n    let idsupp = ids.getIdSuppliers();\n    let idrestord = [];\n    res.body.length.should.be.eql(myrestocks.length);\n    for(let i = 0; i<res.body.length; i++){\n        idrestord[i] = res.body[i].id;\n        res.body[i].issueDate.should.equal(myrestocks[i].issueDate);\n        res.body[i].supplierId.should.equal(idsupp[myrestocks[i].supplierId]);\n    }\n    ids.setIdRestockOrders(idrestord);\n    done();\n}).catch(err=>done(err));",
                  "err": {},
                  "uuid": "bd01ece6-5e43-4f6f-9387-778c8d64c057",
                  "parentUUID": "75270b67-4500-494a-a04e-3d3a72d82b2d",
                  "isHook": false,
                  "skipped": false
                }
              ],
              "suites": [],
              "passes": [
                "bd01ece6-5e43-4f6f-9387-778c8d64c057"
              ],
              "failures": [],
              "pending": [],
              "skipped": [],
              "duration": 4,
              "root": false,
              "rootEmpty": false,
              "_timeout": 10000
            },
            {
              "uuid": "c22073cc-00d6-4c56-90e9-5e855d86a9de",
              "title": " get /api/restockOrderIssued",
              "fullFile": "D:\\Documenti\\EzWarehouse\\Code\\EzWh\\code\\server\\acceptanceTest\\testEzWhAPI.js",
              "file": "\\acceptanceTest\\testEzWhAPI.js",
              "beforeHooks": [],
              "afterHooks": [],
              "tests": [
                {
                  "title": " get all restock order issued",
                  "fullTitle": "Test RestockOrder CRUD features  get /api/restockOrderIssued  get all restock order issued",
                  "timedOut": false,
                  "duration": 4,
                  "state": "passed",
                  "speed": "fast",
                  "pass": true,
                  "fail": false,
                  "pending": false,
                  "context": null,
                  "code": "agent.get('/api/restockOrdersIssued')\n.then(function(res){\n    let idrestord = [];\n    res.should.have.status(expCode);\n    res.body.should.be.a('array');\n    for(let i = 0; i<res.body.length; i++){\n        idrestord[i] = res.body[i].id;\n        res.body[i].state.should.equal(\"ISSUED\");\n    }\n    ids.setIdRestockOrdersIssued(idrestord);\n    done();\n}).catch(err=>done(err));",
                  "err": {},
                  "uuid": "be8070a5-9d4b-48f4-9e33-fb90e285c455",
                  "parentUUID": "c22073cc-00d6-4c56-90e9-5e855d86a9de",
                  "isHook": false,
                  "skipped": false
                }
              ],
              "suites": [],
              "passes": [
                "be8070a5-9d4b-48f4-9e33-fb90e285c455"
              ],
              "failures": [],
              "pending": [],
              "skipped": [],
              "duration": 4,
              "root": false,
              "rootEmpty": false,
              "_timeout": 10000
            },
            {
              "uuid": "1b9b4d31-dbec-485e-a70d-5e39f1e5801f",
              "title": "put /api/restockOrder/:id",
              "fullFile": "D:\\Documenti\\EzWarehouse\\Code\\EzWh\\code\\server\\acceptanceTest\\testEzWhAPI.js",
              "file": "\\acceptanceTest\\testEzWhAPI.js",
              "beforeHooks": [],
              "afterHooks": [],
              "tests": [
                {
                  "title": "Change a state of a restock order",
                  "fullTitle": "Test RestockOrder CRUD features put /api/restockOrder/:id Change a state of a restock order",
                  "timedOut": false,
                  "duration": 346,
                  "state": "passed",
                  "speed": "slow",
                  "pass": true,
                  "fail": false,
                  "pending": false,
                  "context": null,
                  "code": "agent.get('/api/restockOrders')\n.then(function(res){\n    id = res.body[0].id;\n    agent.put('/api/restockOrder/'+id)\n    .send(changestate)\n    .then(function(res){\n        res.should.have.status(expCode);\n        done();\n    }).catch(err=>done(err));\n});",
                  "err": {},
                  "uuid": "4a8dce1d-9538-404b-a81c-c7a1c9d72fd2",
                  "parentUUID": "1b9b4d31-dbec-485e-a70d-5e39f1e5801f",
                  "isHook": false,
                  "skipped": false
                }
              ],
              "suites": [],
              "passes": [
                "4a8dce1d-9538-404b-a81c-c7a1c9d72fd2"
              ],
              "failures": [],
              "pending": [],
              "skipped": [],
              "duration": 346,
              "root": false,
              "rootEmpty": false,
              "_timeout": 10000
            },
            {
              "uuid": "b4475715-1ca5-42fb-a487-cc9a2c9fd352",
              "title": "put /api/restockOrder/:id",
              "fullFile": "D:\\Documenti\\EzWarehouse\\Code\\EzWh\\code\\server\\acceptanceTest\\testEzWhAPI.js",
              "file": "\\acceptanceTest\\testEzWhAPI.js",
              "beforeHooks": [],
              "afterHooks": [],
              "tests": [
                {
                  "title": "Change a state of a restock order",
                  "fullTitle": "Test RestockOrder CRUD features put /api/restockOrder/:id Change a state of a restock order",
                  "timedOut": false,
                  "duration": 5,
                  "state": "passed",
                  "speed": "fast",
                  "pass": true,
                  "fail": false,
                  "pending": false,
                  "context": null,
                  "code": "agent.get('/api/restockOrders')\n.then(function(res){\n    id = res.body[0].id;\n    agent.put('/api/restockOrder/'+id)\n    .send(changestate)\n    .then(function(res){\n        res.should.have.status(expCode);\n        done();\n    }).catch(err=>done(err));\n});",
                  "err": {},
                  "uuid": "bca4e919-2b90-45f6-b070-69ad1fd1db78",
                  "parentUUID": "b4475715-1ca5-42fb-a487-cc9a2c9fd352",
                  "isHook": false,
                  "skipped": false
                }
              ],
              "suites": [],
              "passes": [
                "bca4e919-2b90-45f6-b070-69ad1fd1db78"
              ],
              "failures": [],
              "pending": [],
              "skipped": [],
              "duration": 5,
              "root": false,
              "rootEmpty": false,
              "_timeout": 10000
            },
            {
              "uuid": "ce99fa92-57ef-44b6-a032-a223cf0e7a4a",
              "title": "put /api/restockOrder/:id",
              "fullFile": "D:\\Documenti\\EzWarehouse\\Code\\EzWh\\code\\server\\acceptanceTest\\testEzWhAPI.js",
              "file": "\\acceptanceTest\\testEzWhAPI.js",
              "beforeHooks": [],
              "afterHooks": [],
              "tests": [
                {
                  "title": "Change a state of a restock order",
                  "fullTitle": "Test RestockOrder CRUD features put /api/restockOrder/:id Change a state of a restock order",
                  "timedOut": false,
                  "duration": 5,
                  "state": "passed",
                  "speed": "fast",
                  "pass": true,
                  "fail": false,
                  "pending": false,
                  "context": null,
                  "code": "agent.get('/api/restockOrders')\n.then(function(res){\n    id = id;\n    agent.put('/api/restockOrder/'+id)\n    .send(changestate)\n    .then(function(res){\n        res.should.have.status(expCode);\n        done();\n    }).catch(err=>done(err));\n});",
                  "err": {},
                  "uuid": "614bfe2b-1b71-459a-af70-8ef6aff474fc",
                  "parentUUID": "ce99fa92-57ef-44b6-a032-a223cf0e7a4a",
                  "isHook": false,
                  "skipped": false
                }
              ],
              "suites": [],
              "passes": [
                "614bfe2b-1b71-459a-af70-8ef6aff474fc"
              ],
              "failures": [],
              "pending": [],
              "skipped": [],
              "duration": 5,
              "root": false,
              "rootEmpty": false,
              "_timeout": 10000
            },
            {
              "uuid": "31abed06-09ca-42ee-bc2a-9ebd994cc7dc",
              "title": " get /api/restockOrders",
              "fullFile": "D:\\Documenti\\EzWarehouse\\Code\\EzWh\\code\\server\\acceptanceTest\\testEzWhAPI.js",
              "file": "\\acceptanceTest\\testEzWhAPI.js",
              "beforeHooks": [],
              "afterHooks": [],
              "tests": [
                {
                  "title": " get all restock orders",
                  "fullTitle": "Test RestockOrder CRUD features  get /api/restockOrders  get all restock orders",
                  "timedOut": false,
                  "duration": 5,
                  "state": "passed",
                  "speed": "fast",
                  "pass": true,
                  "fail": false,
                  "pending": false,
                  "context": null,
                  "code": "agent.get('/api/restockOrders')\n.then(function(res){\n    res.should.have.status(expCode);\n    res.body.should.be.a('array');\n    let idsupp = ids.getIdSuppliers();\n    let idrestord = [];\n    res.body.length.should.be.eql(myrestocks.length);\n    for(let i = 0; i<res.body.length; i++){\n        idrestord[i] = res.body[i].id;\n        res.body[i].issueDate.should.equal(myrestocks[i].issueDate);\n        res.body[i].supplierId.should.equal(idsupp[myrestocks[i].supplierId]);\n    }\n    ids.setIdRestockOrders(idrestord);\n    done();\n}).catch(err=>done(err));",
                  "err": {},
                  "uuid": "e3ed0bf8-8121-42f0-a6d0-ed98ff1fba6c",
                  "parentUUID": "31abed06-09ca-42ee-bc2a-9ebd994cc7dc",
                  "isHook": false,
                  "skipped": false
                }
              ],
              "suites": [],
              "passes": [
                "e3ed0bf8-8121-42f0-a6d0-ed98ff1fba6c"
              ],
              "failures": [],
              "pending": [],
              "skipped": [],
              "duration": 5,
              "root": false,
              "rootEmpty": false,
              "_timeout": 10000
            },
            {
              "uuid": "b466fc58-67c0-4fee-bac8-0eeb16e5fcc4",
              "title": "put /api/restockOrder/:id/skuItems",
              "fullFile": "D:\\Documenti\\EzWarehouse\\Code\\EzWh\\code\\server\\acceptanceTest\\testEzWhAPI.js",
              "file": "\\acceptanceTest\\testEzWhAPI.js",
              "beforeHooks": [],
              "afterHooks": [],
              "tests": [
                {
                  "title": "Change a state of a restock order",
                  "fullTitle": "Test RestockOrder CRUD features put /api/restockOrder/:id/skuItems Change a state of a restock order",
                  "timedOut": false,
                  "duration": 207,
                  "state": "passed",
                  "speed": "slow",
                  "pass": true,
                  "fail": false,
                  "pending": false,
                  "context": null,
                  "code": "let idsku = ids.getIdSku();\nlet thisskuitems = addskuitems;\nthisskuitems[0].SKUId = idsku[thisskuitems[0].SKUId];\nthisskuitems[1].SKUId = idsku[thisskuitems[1].SKUId];\nconsole.log(thisskuitems);\nagent.get('/api/restockOrders')\n.then(function(res){\n    idsearch = res.body[0].id;\n    //console.log(\"this is skuitems \", thisskuitems);\n    agent.put('/api/restockOrder/'+idsearch+'/skuItems')\n    .send({\"skuItems\":thisskuitems})\n    .then(function(res2){\n        //console.log(res2)\n        res2.should.have.status(expCode);\n        done();\n    }).catch(err=>done(err));                 \n});",
                  "err": {},
                  "uuid": "557be21c-bc6b-476f-8ea3-edb6668f84aa",
                  "parentUUID": "b466fc58-67c0-4fee-bac8-0eeb16e5fcc4",
                  "isHook": false,
                  "skipped": false
                }
              ],
              "suites": [],
              "passes": [
                "557be21c-bc6b-476f-8ea3-edb6668f84aa"
              ],
              "failures": [],
              "pending": [],
              "skipped": [],
              "duration": 207,
              "root": false,
              "rootEmpty": false,
              "_timeout": 10000
            },
            {
              "uuid": "3ee1d059-8b3d-4b59-bd4e-ab44ab9b07e8",
              "title": " get /api/restockOrders",
              "fullFile": "D:\\Documenti\\EzWarehouse\\Code\\EzWh\\code\\server\\acceptanceTest\\testEzWhAPI.js",
              "file": "\\acceptanceTest\\testEzWhAPI.js",
              "beforeHooks": [],
              "afterHooks": [],
              "tests": [
                {
                  "title": " get all restock orders",
                  "fullTitle": "Test RestockOrder CRUD features  get /api/restockOrders  get all restock orders",
                  "timedOut": false,
                  "duration": 9,
                  "state": "passed",
                  "speed": "fast",
                  "pass": true,
                  "fail": false,
                  "pending": false,
                  "context": null,
                  "code": "agent.get('/api/restockOrders')\n.then(function(res){\n    res.should.have.status(expCode);\n    res.body.should.be.a('array');\n    let idsupp = ids.getIdSuppliers();\n    let idrestord = [];\n    res.body.length.should.be.eql(myrestocks.length);\n    for(let i = 0; i<res.body.length; i++){\n        idrestord[i] = res.body[i].id;\n        res.body[i].issueDate.should.equal(myrestocks[i].issueDate);\n        res.body[i].supplierId.should.equal(idsupp[myrestocks[i].supplierId]);\n    }\n    ids.setIdRestockOrders(idrestord);\n    done();\n}).catch(err=>done(err));",
                  "err": {},
                  "uuid": "349f0ce0-e55e-4454-a4ec-9c5484041bfd",
                  "parentUUID": "3ee1d059-8b3d-4b59-bd4e-ab44ab9b07e8",
                  "isHook": false,
                  "skipped": false
                }
              ],
              "suites": [],
              "passes": [
                "349f0ce0-e55e-4454-a4ec-9c5484041bfd"
              ],
              "failures": [],
              "pending": [],
              "skipped": [],
              "duration": 9,
              "root": false,
              "rootEmpty": false,
              "_timeout": 10000
            },
            {
              "uuid": "c538dc35-87d6-409d-a477-0f0e3150b899",
              "title": "put /api/restockOrder/:id/skuItems",
              "fullFile": "D:\\Documenti\\EzWarehouse\\Code\\EzWh\\code\\server\\acceptanceTest\\testEzWhAPI.js",
              "file": "\\acceptanceTest\\testEzWhAPI.js",
              "beforeHooks": [],
              "afterHooks": [],
              "tests": [
                {
                  "title": "Change a state of a restock order",
                  "fullTitle": "Test RestockOrder CRUD features put /api/restockOrder/:id/skuItems Change a state of a restock order",
                  "timedOut": false,
                  "duration": 7,
                  "state": "passed",
                  "speed": "fast",
                  "pass": true,
                  "fail": false,
                  "pending": false,
                  "context": null,
                  "code": "agent.get('/api/restockOrders')\n.then(function(res){\n    idsearch = 1000000;\n    let allskuitems = [];\n    allskuitems[0] = {\"SKUId\":12, \"rfid\":'12345678901234567890123456789015'};\n    allskuitems[1]= {\"SKUId\":12, \"rfid\":'12345678901234567890123456789016'};\n    agent.put('/api/restockOrder/'+idsearch+'/skuItems')\n    .send({\"skuItems\":allskuitems})\n    .then(function(res3){\n        res3.should.have.status(expCode);\n        done();\n    }).catch(err=>done(err));                 \n});",
                  "err": {},
                  "uuid": "6811f99f-41cb-4520-b21c-2c8c11b5a3bd",
                  "parentUUID": "c538dc35-87d6-409d-a477-0f0e3150b899",
                  "isHook": false,
                  "skipped": false
                }
              ],
              "suites": [],
              "passes": [
                "6811f99f-41cb-4520-b21c-2c8c11b5a3bd"
              ],
              "failures": [],
              "pending": [],
              "skipped": [],
              "duration": 7,
              "root": false,
              "rootEmpty": false,
              "_timeout": 10000
            },
            {
              "uuid": "cbf03771-e34d-42f9-a817-c343c922b29e",
              "title": "put /api/restockOrder/:id/skuItems",
              "fullFile": "D:\\Documenti\\EzWarehouse\\Code\\EzWh\\code\\server\\acceptanceTest\\testEzWhAPI.js",
              "file": "\\acceptanceTest\\testEzWhAPI.js",
              "beforeHooks": [],
              "afterHooks": [],
              "tests": [
                {
                  "title": "Change a state of a restock order",
                  "fullTitle": "Test RestockOrder CRUD features put /api/restockOrder/:id/skuItems Change a state of a restock order",
                  "timedOut": false,
                  "duration": 6,
                  "state": "passed",
                  "speed": "fast",
                  "pass": true,
                  "fail": false,
                  "pending": false,
                  "context": null,
                  "code": "agent.get('/api/restockOrders')\n.then(function(res){\n    idsearch = 1000000;\n    let allskuitems = [];\n    allskuitems[0] = {\"SKUId\":12, \"rfid\":'12345678901234567890123456789015'};\n    allskuitems[1]= {\"SKUId\":12, \"rfid\":'12345678901234567890123456789016'};\n    agent.put('/api/restockOrder/'+idsearch+'/skuItems')\n    .send(null)\n    .then(function(res3){\n        res3.should.have.status(expCode);\n        done();\n    }).catch(err=>done(err));                 \n});",
                  "err": {},
                  "uuid": "6e35e87b-b524-4f1b-a1bc-fd619bff3190",
                  "parentUUID": "cbf03771-e34d-42f9-a817-c343c922b29e",
                  "isHook": false,
                  "skipped": false
                }
              ],
              "suites": [],
              "passes": [
                "6e35e87b-b524-4f1b-a1bc-fd619bff3190"
              ],
              "failures": [],
              "pending": [],
              "skipped": [],
              "duration": 6,
              "root": false,
              "rootEmpty": false,
              "_timeout": 10000
            },
            {
              "uuid": "bb993899-e923-4c8e-9716-67d9faf0338a",
              "title": "put /api/restockOrder/:id/transportNote",
              "fullFile": "D:\\Documenti\\EzWarehouse\\Code\\EzWh\\code\\server\\acceptanceTest\\testEzWhAPI.js",
              "file": "\\acceptanceTest\\testEzWhAPI.js",
              "beforeHooks": [],
              "afterHooks": [],
              "tests": [
                {
                  "title": "Change a state of a restock order",
                  "fullTitle": "Test RestockOrder CRUD features put /api/restockOrder/:id/transportNote Change a state of a restock order",
                  "timedOut": false,
                  "duration": 8,
                  "state": "passed",
                  "speed": "fast",
                  "pass": true,
                  "fail": false,
                  "pending": false,
                  "context": null,
                  "code": "agent.get('/api/restockOrders')\n.then(function(res){\n    idsearch = res.body[0].id;\n    console.log(idsearch);\n    agent.put('/api/restockOrder/'+idsearch+'/transportNote')\n    .send({\"transportNote\":{\"deliveryDate\":\"2023/12/29 03:00\"}})\n    .then(function(res3){\n        res3.should.have.status(expCode);\n        done();\n    }).catch(err=>done(err));                 \n});",
                  "err": {},
                  "uuid": "629169ee-1ad0-43ce-bbd9-4d09880c84de",
                  "parentUUID": "bb993899-e923-4c8e-9716-67d9faf0338a",
                  "isHook": false,
                  "skipped": false
                }
              ],
              "suites": [],
              "passes": [
                "629169ee-1ad0-43ce-bbd9-4d09880c84de"
              ],
              "failures": [],
              "pending": [],
              "skipped": [],
              "duration": 8,
              "root": false,
              "rootEmpty": false,
              "_timeout": 10000
            },
            {
              "uuid": "ee783926-720d-4f66-9626-1b6dc1b1e641",
              "title": "put /api/restockOrder/:id",
              "fullFile": "D:\\Documenti\\EzWarehouse\\Code\\EzWh\\code\\server\\acceptanceTest\\testEzWhAPI.js",
              "file": "\\acceptanceTest\\testEzWhAPI.js",
              "beforeHooks": [],
              "afterHooks": [],
              "tests": [
                {
                  "title": "Change a state of a restock order",
                  "fullTitle": "Test RestockOrder CRUD features put /api/restockOrder/:id Change a state of a restock order",
                  "timedOut": false,
                  "duration": 438,
                  "state": "passed",
                  "speed": "slow",
                  "pass": true,
                  "fail": false,
                  "pending": false,
                  "context": null,
                  "code": "agent.get('/api/restockOrders')\n.then(function(res){\n    id = res.body[0].id;\n    agent.put('/api/restockOrder/'+id)\n    .send(changestate)\n    .then(function(res){\n        res.should.have.status(expCode);\n        done();\n    }).catch(err=>done(err));\n});",
                  "err": {},
                  "uuid": "e450a197-a25a-4727-9c1c-30d7370f252d",
                  "parentUUID": "ee783926-720d-4f66-9626-1b6dc1b1e641",
                  "isHook": false,
                  "skipped": false
                }
              ],
              "suites": [],
              "passes": [
                "e450a197-a25a-4727-9c1c-30d7370f252d"
              ],
              "failures": [],
              "pending": [],
              "skipped": [],
              "duration": 438,
              "root": false,
              "rootEmpty": false,
              "_timeout": 10000
            },
            {
              "uuid": "e2ef4292-0724-4852-b9eb-355a433efdfa",
              "title": "put /api/restockOrder/:id/transportNote",
              "fullFile": "D:\\Documenti\\EzWarehouse\\Code\\EzWh\\code\\server\\acceptanceTest\\testEzWhAPI.js",
              "file": "\\acceptanceTest\\testEzWhAPI.js",
              "beforeHooks": [],
              "afterHooks": [],
              "tests": [
                {
                  "title": "Change a state of a restock order",
                  "fullTitle": "Test RestockOrder CRUD features put /api/restockOrder/:id/transportNote Change a state of a restock order",
                  "timedOut": false,
                  "duration": 101,
                  "state": "passed",
                  "speed": "slow",
                  "pass": true,
                  "fail": false,
                  "pending": false,
                  "context": null,
                  "code": "agent.get('/api/restockOrders')\n.then(function(res){\n    idsearch = res.body[0].id;\n    console.log(idsearch);\n    agent.put('/api/restockOrder/'+idsearch+'/transportNote')\n    .send({\"transportNote\":{\"deliveryDate\":\"2023/12/29 03:00\"}})\n    .then(function(res3){\n        res3.should.have.status(expCode);\n        done();\n    }).catch(err=>done(err));                 \n});",
                  "err": {},
                  "uuid": "4df35d42-a818-450d-b58f-ad40b68d1de0",
                  "parentUUID": "e2ef4292-0724-4852-b9eb-355a433efdfa",
                  "isHook": false,
                  "skipped": false
                }
              ],
              "suites": [],
              "passes": [
                "4df35d42-a818-450d-b58f-ad40b68d1de0"
              ],
              "failures": [],
              "pending": [],
              "skipped": [],
              "duration": 101,
              "root": false,
              "rootEmpty": false,
              "_timeout": 10000
            },
            {
              "uuid": "562ec50c-b90d-427a-8994-8e489fb40474",
              "title": "put /api/restockOrder/:id/transportNote",
              "fullFile": "D:\\Documenti\\EzWarehouse\\Code\\EzWh\\code\\server\\acceptanceTest\\testEzWhAPI.js",
              "file": "\\acceptanceTest\\testEzWhAPI.js",
              "beforeHooks": [],
              "afterHooks": [],
              "tests": [
                {
                  "title": "Change a state of a restock order",
                  "fullTitle": "Test RestockOrder CRUD features put /api/restockOrder/:id/transportNote Change a state of a restock order",
                  "timedOut": false,
                  "duration": 12,
                  "state": "passed",
                  "speed": "fast",
                  "pass": true,
                  "fail": false,
                  "pending": false,
                  "context": null,
                  "code": "agent.get('/api/restockOrders')\n.then(function(res){\n    idsearch = 10000;\n    agent.put('/api/restockOrder/'+idsearch+'/transportNote')\n    .send({\"transportNote\":{\"deliveryDate\":\"2021/12/29\"}})\n    .then(function(res3){\n        res3.should.have.status(expCode);\n        done();\n    }).catch(err=>done(err));                 \n});",
                  "err": {},
                  "uuid": "194c2869-a21b-452b-8d06-4fab357b0645",
                  "parentUUID": "562ec50c-b90d-427a-8994-8e489fb40474",
                  "isHook": false,
                  "skipped": false
                }
              ],
              "suites": [],
              "passes": [
                "194c2869-a21b-452b-8d06-4fab357b0645"
              ],
              "failures": [],
              "pending": [],
              "skipped": [],
              "duration": 12,
              "root": false,
              "rootEmpty": false,
              "_timeout": 10000
            },
            {
              "uuid": "6afe6732-8715-447b-8681-b9c946dad9f9",
              "title": "Removing all Restock orders",
              "fullFile": "D:\\Documenti\\EzWarehouse\\Code\\EzWh\\code\\server\\acceptanceTest\\testEzWhAPI.js",
              "file": "\\acceptanceTest\\testEzWhAPI.js",
              "beforeHooks": [],
              "afterHooks": [],
              "tests": [
                {
                  "title": "Getting and removing",
                  "fullTitle": "Test RestockOrder CRUD features Removing all Restock orders Getting and removing",
                  "timedOut": false,
                  "duration": 5,
                  "state": "passed",
                  "speed": "fast",
                  "pass": true,
                  "fail": false,
                  "pending": false,
                  "context": null,
                  "code": "agent.get('/api/restockOrders')\n.then(function(res){\n    res.should.have.status(200);\n    if(res.body.length !==0){\n        for( let i=0; i< res.body.length; i++){\n            agent.delete('/api/restockOrder/'+res.body[i].id)\n            .then(function(res2){\n                res2.should.have.status(204);\n            });\n        }\n    }\n    done();\n}).catch(err => done(err));",
                  "err": {},
                  "uuid": "e94cc602-658e-4cbc-aa26-2ffc6a948024",
                  "parentUUID": "6afe6732-8715-447b-8681-b9c946dad9f9",
                  "isHook": false,
                  "skipped": false
                }
              ],
              "suites": [],
              "passes": [
                "e94cc602-658e-4cbc-aa26-2ffc6a948024"
              ],
              "failures": [],
              "pending": [],
              "skipped": [],
              "duration": 5,
              "root": false,
              "rootEmpty": false,
              "_timeout": 10000
            },
            {
              "uuid": "43d70981-36ed-4ae7-b349-0873964f677c",
              "title": "removing all skuitems",
              "fullFile": "D:\\Documenti\\EzWarehouse\\Code\\EzWh\\code\\server\\acceptanceTest\\testEzWhAPI.js",
              "file": "\\acceptanceTest\\testEzWhAPI.js",
              "beforeHooks": [],
              "afterHooks": [],
              "tests": [
                {
                  "title": "Getting SKUitems",
                  "fullTitle": "Test RestockOrder CRUD features removing all skuitems Getting SKUitems",
                  "timedOut": false,
                  "duration": 1618,
                  "state": "passed",
                  "speed": "slow",
                  "pass": true,
                  "fail": false,
                  "pending": false,
                  "context": null,
                  "code": "const res = await agent.get('/api/skuitems');\nconsole.log(res.body);\nres.should.have.status(200);\nif (res.body.length !==0) {\n    let res2;\n    for (let i = 0; i < res.body.length; i++) {\n        res2 = await\n        agent.delete('/api/skuitems/'+res.body[i].RFID);\n        res2.should.have.status(204);\n        console.log(\"Deleted \"+ res.body[i].RFID);\n    }\n}\nconsole.log(\"done!\");",
                  "err": {},
                  "uuid": "a06ae4cc-ea92-4eb3-be5a-da30910531bc",
                  "parentUUID": "43d70981-36ed-4ae7-b349-0873964f677c",
                  "isHook": false,
                  "skipped": false
                }
              ],
              "suites": [],
              "passes": [
                "a06ae4cc-ea92-4eb3-be5a-da30910531bc"
              ],
              "failures": [],
              "pending": [],
              "skipped": [],
              "duration": 1618,
              "root": false,
              "rootEmpty": false,
              "_timeout": 10000
            },
            {
              "uuid": "02cb1f7f-c5d7-4af3-98c0-e4c6c1d0d036",
              "title": "removing all skus",
              "fullFile": "D:\\Documenti\\EzWarehouse\\Code\\EzWh\\code\\server\\acceptanceTest\\testEzWhAPI.js",
              "file": "\\acceptanceTest\\testEzWhAPI.js",
              "beforeHooks": [],
              "afterHooks": [],
              "tests": [
                {
                  "title": "Getting SKUs",
                  "fullTitle": "Test RestockOrder CRUD features removing all skus Getting SKUs",
                  "timedOut": false,
                  "duration": 5,
                  "state": "passed",
                  "speed": "fast",
                  "pass": true,
                  "fail": false,
                  "pending": false,
                  "context": null,
                  "code": "agent.get('/api/skus')\n.then(function (res) {\n    res.should.have.status(200);\n    if (res.body.length !==0) {\n        for (let i = 0; i < res.body.length; i++) {\n            agent.delete('/api/skus/'+res.body[i].id)\n            .then(function (res2) {\n                res2.should.have.status(204);\n            });\n        }\n    } \n    done();\n}).catch(err => done(err));",
                  "err": {},
                  "uuid": "f076010f-62bf-48ab-b744-ea9a694cc381",
                  "parentUUID": "02cb1f7f-c5d7-4af3-98c0-e4c6c1d0d036",
                  "isHook": false,
                  "skipped": false
                }
              ],
              "suites": [],
              "passes": [
                "f076010f-62bf-48ab-b744-ea9a694cc381"
              ],
              "failures": [],
              "pending": [],
              "skipped": [],
              "duration": 5,
              "root": false,
              "rootEmpty": false,
              "_timeout": 10000
            }
          ],
          "passes": [],
          "failures": [],
          "pending": [],
          "skipped": [],
          "duration": 0,
          "root": false,
          "rootEmpty": false,
          "_timeout": 10000
        },
        {
          "uuid": "c57ae220-8274-4d2f-8dbb-fdd1277894a6",
          "title": "Testing Functional requirements pt2",
          "fullFile": "D:\\Documenti\\EzWarehouse\\Code\\EzWh\\code\\server\\acceptanceTest\\testEzWhAPI.js",
          "file": "\\acceptanceTest\\testEzWhAPI.js",
          "beforeHooks": [],
          "afterHooks": [],
          "tests": [],
          "suites": [
            {
              "uuid": "6a56d89c-7a13-464e-b781-78ef9a016f16",
              "title": "Test RestockOrder CRUD features",
              "fullFile": "D:\\Documenti\\EzWarehouse\\Code\\EzWh\\code\\server\\acceptanceTest\\testEzWhAPI.js",
              "file": "\\acceptanceTest\\testEzWhAPI.js",
              "beforeHooks": [],
              "afterHooks": [],
              "tests": [],
              "suites": [
                {
                  "uuid": "e18f8677-2b2e-4484-a101-5af2819599fa",
                  "title": "Removing all Restock orders",
                  "fullFile": "D:\\Documenti\\EzWarehouse\\Code\\EzWh\\code\\server\\acceptanceTest\\testEzWhAPI.js",
                  "file": "\\acceptanceTest\\testEzWhAPI.js",
                  "beforeHooks": [],
                  "afterHooks": [],
                  "tests": [
                    {
                      "title": "Getting and removing",
                      "fullTitle": "Testing Functional requirements pt2 Test RestockOrder CRUD features Removing all Restock orders Getting and removing",
                      "timedOut": false,
                      "duration": 656,
                      "state": "passed",
                      "speed": "slow",
                      "pass": true,
                      "fail": false,
                      "pending": false,
                      "context": null,
                      "code": "agent.get('/api/restockOrders')\n.then(function(res){\n    res.should.have.status(200);\n    if(res.body.length !==0){\n        for( let i=0; i< res.body.length; i++){\n            agent.delete('/api/restockOrder/'+res.body[i].id)\n            .then(function(res2){\n                res2.should.have.status(204);\n            });\n        }\n    }\n    done();\n}).catch(err => done(err));",
                      "err": {},
                      "uuid": "70934c7d-ab24-46bb-b595-5ac1005a19f7",
                      "parentUUID": "e18f8677-2b2e-4484-a101-5af2819599fa",
                      "isHook": false,
                      "skipped": false
                    }
                  ],
                  "suites": [],
                  "passes": [
                    "70934c7d-ab24-46bb-b595-5ac1005a19f7"
                  ],
                  "failures": [],
                  "pending": [],
                  "skipped": [],
                  "duration": 656,
                  "root": false,
                  "rootEmpty": false,
                  "_timeout": 10000
                },
                {
                  "uuid": "110469f1-d0be-49ae-b0c6-de86ef7a83cd",
                  "title": "removing all skuitems",
                  "fullFile": "D:\\Documenti\\EzWarehouse\\Code\\EzWh\\code\\server\\acceptanceTest\\testEzWhAPI.js",
                  "file": "\\acceptanceTest\\testEzWhAPI.js",
                  "beforeHooks": [],
                  "afterHooks": [],
                  "tests": [
                    {
                      "title": "Getting SKUitems",
                      "fullTitle": "Testing Functional requirements pt2 Test RestockOrder CRUD features removing all skuitems Getting SKUitems",
                      "timedOut": false,
                      "duration": 5,
                      "state": "passed",
                      "speed": "fast",
                      "pass": true,
                      "fail": false,
                      "pending": false,
                      "context": null,
                      "code": "const res = await agent.get('/api/skuitems');\nconsole.log(res.body);\nres.should.have.status(200);\nif (res.body.length !==0) {\n    let res2;\n    for (let i = 0; i < res.body.length; i++) {\n        res2 = await\n        agent.delete('/api/skuitems/'+res.body[i].RFID);\n        res2.should.have.status(204);\n        console.log(\"Deleted \"+ res.body[i].RFID);\n    }\n}\nconsole.log(\"done!\");",
                      "err": {},
                      "uuid": "fd4d4b09-ce32-4db6-8122-1e1d66d1c1ca",
                      "parentUUID": "110469f1-d0be-49ae-b0c6-de86ef7a83cd",
                      "isHook": false,
                      "skipped": false
                    }
                  ],
                  "suites": [],
                  "passes": [
                    "fd4d4b09-ce32-4db6-8122-1e1d66d1c1ca"
                  ],
                  "failures": [],
                  "pending": [],
                  "skipped": [],
                  "duration": 5,
                  "root": false,
                  "rootEmpty": false,
                  "_timeout": 10000
                },
                {
                  "uuid": "4ffa80f7-6a0f-404d-b80c-bab8aa850ead",
                  "title": "removing all skus",
                  "fullFile": "D:\\Documenti\\EzWarehouse\\Code\\EzWh\\code\\server\\acceptanceTest\\testEzWhAPI.js",
                  "file": "\\acceptanceTest\\testEzWhAPI.js",
                  "beforeHooks": [],
                  "afterHooks": [],
                  "tests": [
                    {
                      "title": "Getting SKUs",
                      "fullTitle": "Testing Functional requirements pt2 Test RestockOrder CRUD features removing all skus Getting SKUs",
                      "timedOut": false,
                      "duration": 2,
                      "state": "passed",
                      "speed": "fast",
                      "pass": true,
                      "fail": false,
                      "pending": false,
                      "context": null,
                      "code": "agent.get('/api/skus')\n.then(function (res) {\n    res.should.have.status(200);\n    if (res.body.length !==0) {\n        for (let i = 0; i < res.body.length; i++) {\n            agent.delete('/api/skus/'+res.body[i].id)\n            .then(function (res2) {\n                res2.should.have.status(204);\n            });\n        }\n    } \n    done();\n}).catch(err => done(err));",
                      "err": {},
                      "uuid": "4eac3f5f-2da8-4774-823c-48d8cda4af58",
                      "parentUUID": "4ffa80f7-6a0f-404d-b80c-bab8aa850ead",
                      "isHook": false,
                      "skipped": false
                    }
                  ],
                  "suites": [],
                  "passes": [
                    "4eac3f5f-2da8-4774-823c-48d8cda4af58"
                  ],
                  "failures": [],
                  "pending": [],
                  "skipped": [],
                  "duration": 2,
                  "root": false,
                  "rootEmpty": false,
                  "_timeout": 10000
                },
                {
                  "uuid": "c10d89cc-02dc-4d33-92b5-9893c08c7298",
                  "title": " Delete all not manager",
                  "fullFile": "D:\\Documenti\\EzWarehouse\\Code\\EzWh\\code\\server\\acceptanceTest\\testEzWhAPI.js",
                  "file": "\\acceptanceTest\\testEzWhAPI.js",
                  "beforeHooks": [],
                  "afterHooks": [],
                  "tests": [
                    {
                      "title": "Cleaning db user util",
                      "fullTitle": "Testing Functional requirements pt2 Test RestockOrder CRUD features  Delete all not manager Cleaning db user util",
                      "timedOut": false,
                      "duration": 3,
                      "state": "passed",
                      "speed": "fast",
                      "pass": true,
                      "fail": false,
                      "pending": false,
                      "context": null,
                      "code": "agent.get('/api/users')\n.then(function(res){\n    for(let i=0; i<res.body.length; i++){\n        //console.log(res.body[i].email);\n        agent.delete('/api/users/'+res.body[i].email+'/'+res.body[i].type)\n        .then(function(res2){\n            res2.should.have.status(204);\n        });\n    }\n    done();\n}).catch(err=>done(err));",
                      "err": {},
                      "uuid": "b1be2978-454a-4dc0-83f5-dd38bdb7ea76",
                      "parentUUID": "c10d89cc-02dc-4d33-92b5-9893c08c7298",
                      "isHook": false,
                      "skipped": false
                    }
                  ],
                  "suites": [],
                  "passes": [
                    "b1be2978-454a-4dc0-83f5-dd38bdb7ea76"
                  ],
                  "failures": [],
                  "pending": [],
                  "skipped": [],
                  "duration": 3,
                  "root": false,
                  "rootEmpty": false,
                  "_timeout": 10000
                },
                {
                  "uuid": "5d14d43c-bf9d-409f-939c-3597a61d5de4",
                  "title": "post /api/sku/",
                  "fullFile": "D:\\Documenti\\EzWarehouse\\Code\\EzWh\\code\\server\\acceptanceTest\\testEzWhAPI.js",
                  "file": "\\acceptanceTest\\testEzWhAPI.js",
                  "beforeHooks": [],
                  "afterHooks": [],
                  "tests": [
                    {
                      "title": "FR 2.1 a -> Define a new SKU",
                      "fullTitle": "Testing Functional requirements pt2 Test RestockOrder CRUD features post /api/sku/ FR 2.1 a -> Define a new SKU",
                      "timedOut": false,
                      "duration": 520,
                      "state": "passed",
                      "speed": "slow",
                      "pass": true,
                      "fail": false,
                      "pending": false,
                      "context": null,
                      "code": "agent.post('/api/sku/')\n.send(thesku)\n.then(function (res) {\n    res.should.have.status(expCode);\n    done();\n}).catch(err=>done(err));",
                      "err": {},
                      "uuid": "5dae93e1-b9ed-45a8-8045-72cbbde23219",
                      "parentUUID": "5d14d43c-bf9d-409f-939c-3597a61d5de4",
                      "isHook": false,
                      "skipped": false
                    }
                  ],
                  "suites": [],
                  "passes": [
                    "5dae93e1-b9ed-45a8-8045-72cbbde23219"
                  ],
                  "failures": [],
                  "pending": [],
                  "skipped": [],
                  "duration": 520,
                  "root": false,
                  "rootEmpty": false,
                  "_timeout": 10000
                },
                {
                  "uuid": "3c376d7f-4f89-47c7-a086-566370703b9e",
                  "title": "post /api/sku/",
                  "fullFile": "D:\\Documenti\\EzWarehouse\\Code\\EzWh\\code\\server\\acceptanceTest\\testEzWhAPI.js",
                  "file": "\\acceptanceTest\\testEzWhAPI.js",
                  "beforeHooks": [],
                  "afterHooks": [],
                  "tests": [
                    {
                      "title": "FR 2.1 a -> Define a new SKU",
                      "fullTitle": "Testing Functional requirements pt2 Test RestockOrder CRUD features post /api/sku/ FR 2.1 a -> Define a new SKU",
                      "timedOut": false,
                      "duration": 523,
                      "state": "passed",
                      "speed": "slow",
                      "pass": true,
                      "fail": false,
                      "pending": false,
                      "context": null,
                      "code": "agent.post('/api/sku/')\n.send(thesku)\n.then(function (res) {\n    res.should.have.status(expCode);\n    done();\n}).catch(err=>done(err));",
                      "err": {},
                      "uuid": "38fc74a6-32b3-4748-94d1-00f0697b5154",
                      "parentUUID": "3c376d7f-4f89-47c7-a086-566370703b9e",
                      "isHook": false,
                      "skipped": false
                    }
                  ],
                  "suites": [],
                  "passes": [
                    "38fc74a6-32b3-4748-94d1-00f0697b5154"
                  ],
                  "failures": [],
                  "pending": [],
                  "skipped": [],
                  "duration": 523,
                  "root": false,
                  "rootEmpty": false,
                  "_timeout": 10000
                },
                {
                  "uuid": "9dfc06c4-0fb7-4db2-8717-25237d9fa2e1",
                  "title": "get /api/skus",
                  "fullFile": "D:\\Documenti\\EzWarehouse\\Code\\EzWh\\code\\server\\acceptanceTest\\testEzWhAPI.js",
                  "file": "\\acceptanceTest\\testEzWhAPI.js",
                  "beforeHooks": [],
                  "afterHooks": [],
                  "tests": [
                    {
                      "title": "FR 2.3 -> List all SKUs",
                      "fullTitle": "Testing Functional requirements pt2 Test RestockOrder CRUD features get /api/skus FR 2.3 -> List all SKUs",
                      "timedOut": false,
                      "duration": 5,
                      "state": "passed",
                      "speed": "fast",
                      "pass": true,
                      "fail": false,
[...]
                  "file": "\\acceptanceTest\\testEzWhAPI.js",
                  "beforeHooks": [],
                  "afterHooks": [],
                  "tests": [
                    {
                      "title": "Change a state of a restock order",
                      "fullTitle": "Testing Functional requirements pt2 Test RestockOrder CRUD features put /api/restockOrder/:id/skuItems Change a state of a restock order",
                      "timedOut": false,
                      "duration": 6,
                      "state": "passed",
                      "speed": "fast",
                      "pass": true,
                      "fail": false,
                      "pending": false,
                      "context": null,
                      "code": "agent.get('/api/restockOrders')\n.then(function(res){\n    idsearch = 1000000;\n    let allskuitems = [];\n    allskuitems[0] = {\"SKUId\":12, \"rfid\":'12345678901234567890123456789015'};\n    allskuitems[1]= {\"SKUId\":12, \"rfid\":'12345678901234567890123456789016'};\n    agent.put('/api/restockOrder/'+idsearch+'/skuItems')\n    .send({\"skuItems\":allskuitems})\n    .then(function(res3){\n        res3.should.have.status(expCode);\n        done();\n    }).catch(err=>done(err));                 \n});",
                      "err": {},
                      "uuid": "76dc4bfe-d375-4c99-b293-b43f145388a8",
                      "parentUUID": "a17e5a72-c2ed-4d87-a82f-f6961d0af80d",
                      "isHook": false,
                      "skipped": false
                    }
                  ],
                  "suites": [],
                  "passes": [
                    "76dc4bfe-d375-4c99-b293-b43f145388a8"
                  ],
                  "failures": [],
                  "pending": [],
                  "skipped": [],
                  "duration": 6,
                  "root": false,
                  "rootEmpty": false,
                  "_timeout": 10000
                },
                {
                  "uuid": "067aae95-df9e-4632-9ce0-fcef061538ba",
                  "title": "put /api/restockOrder/:id/skuItems",
                  "fullFile": "D:\\Documenti\\EzWarehouse\\Code\\EzWh\\code\\server\\acceptanceTest\\testEzWhAPI.js",
                  "file": "\\acceptanceTest\\testEzWhAPI.js",
                  "beforeHooks": [],
                  "afterHooks": [],
                  "tests": [
                    {
                      "title": "Change a state of a restock order",
                      "fullTitle": "Testing Functional requirements pt2 Test RestockOrder CRUD features put /api/restockOrder/:id/skuItems Change a state of a restock order",
                      "timedOut": false,
                      "duration": 6,
                      "state": "passed",
                      "speed": "fast",
                      "pass": true,
                      "fail": false,
                      "pending": false,
                      "context": null,
                      "code": "agent.get('/api/restockOrders')\n.then(function(res){\n    idsearch = 1000000;\n    let allskuitems = [];\n    allskuitems[0] = {\"SKUId\":12, \"rfid\":'12345678901234567890123456789015'};\n    allskuitems[1]= {\"SKUId\":12, \"rfid\":'12345678901234567890123456789016'};\n    agent.put('/api/restockOrder/'+idsearch+'/skuItems')\n    .send(null)\n    .then(function(res3){\n        res3.should.have.status(expCode);\n        done();\n    }).catch(err=>done(err));                 \n});",
                      "err": {},
                      "uuid": "15552ca9-22ab-480f-8e6c-fbee363c0cab",
                      "parentUUID": "067aae95-df9e-4632-9ce0-fcef061538ba",
                      "isHook": false,
                      "skipped": false
                    }
                  ],
                  "suites": [],
                  "passes": [
                    "15552ca9-22ab-480f-8e6c-fbee363c0cab"
                  ],
                  "failures": [],
                  "pending": [],
                  "skipped": [],
                  "duration": 6,
                  "root": false,
                  "rootEmpty": false,
                  "_timeout": 10000
                },
                {
                  "uuid": "d10e82c1-01e2-4001-867a-f748717c4178",
                  "title": "put /api/restockOrder/:id/transportNote",
                  "fullFile": "D:\\Documenti\\EzWarehouse\\Code\\EzWh\\code\\server\\acceptanceTest\\testEzWhAPI.js",
                  "file": "\\acceptanceTest\\testEzWhAPI.js",
                  "beforeHooks": [],
                  "afterHooks": [],
                  "tests": [
                    {
                      "title": "Change a state of a restock order",
                      "fullTitle": "Testing Functional requirements pt2 Test RestockOrder CRUD features put /api/restockOrder/:id/transportNote Change a state of a restock order",
                      "timedOut": false,
                      "duration": 8,
                      "state": "passed",
                      "speed": "fast",
                      "pass": true,
                      "fail": false,
                      "pending": false,
                      "context": null,
                      "code": "agent.get('/api/restockOrders')\n.then(function(res){\n    idsearch = res.body[0].id;\n    console.log(idsearch);\n    agent.put('/api/restockOrder/'+idsearch+'/transportNote')\n    .send({\"transportNote\":{\"deliveryDate\":\"2023/12/29 03:00\"}})\n    .then(function(res3){\n        res3.should.have.status(expCode);\n        done();\n    }).catch(err=>done(err));                 \n});",
                      "err": {},
                      "uuid": "e75710e5-bd24-447e-a761-c9e2ab10997e",
                      "parentUUID": "d10e82c1-01e2-4001-867a-f748717c4178",
                      "isHook": false,
                      "skipped": false
                    }
                  ],
                  "suites": [],
                  "passes": [
                    "e75710e5-bd24-447e-a761-c9e2ab10997e"
                  ],
                  "failures": [],
                  "pending": [],
                  "skipped": [],
                  "duration": 8,
                  "root": false,
                  "rootEmpty": false,
                  "_timeout": 10000
                },
                {
                  "uuid": "b0954342-3f6e-4b10-953a-dfcb225f554d",
                  "title": "put /api/restockOrder/:id",
                  "fullFile": "D:\\Documenti\\EzWarehouse\\Code\\EzWh\\code\\server\\acceptanceTest\\testEzWhAPI.js",
                  "file": "\\acceptanceTest\\testEzWhAPI.js",
                  "beforeHooks": [],
                  "afterHooks": [],
                  "tests": [
                    {
                      "title": "Change a state of a restock order",
                      "fullTitle": "Testing Functional requirements pt2 Test RestockOrder CRUD features put /api/restockOrder/:id Change a state of a restock order",
                      "timedOut": false,
                      "duration": 199,
                      "state": "passed",
                      "speed": "slow",
                      "pass": true,
                      "fail": false,
                      "pending": false,
                      "context": null,
                      "code": "agent.get('/api/restockOrders')\n.then(function(res){\n    id = res.body[0].id;\n    agent.put('/api/restockOrder/'+id)\n    .send(changestate)\n    .then(function(res){\n        res.should.have.status(expCode);\n        done();\n    }).catch(err=>done(err));\n});",
                      "err": {},
                      "uuid": "82fa47c4-b331-4318-af66-7241283448b4",
                      "parentUUID": "b0954342-3f6e-4b10-953a-dfcb225f554d",
                      "isHook": false,
                      "skipped": false
                    }
                  ],
                  "suites": [],
                  "passes": [
                    "82fa47c4-b331-4318-af66-7241283448b4"
                  ],
                  "failures": [],
                  "pending": [],
                  "skipped": [],
                  "duration": 199,
                  "root": false,
                  "rootEmpty": false,
                  "_timeout": 10000
                },
                {
                  "uuid": "a05a066b-d589-49b0-86c6-d9faaddcd1a4",
                  "title": "put /api/restockOrder/:id/transportNote",
                  "fullFile": "D:\\Documenti\\EzWarehouse\\Code\\EzWh\\code\\server\\acceptanceTest\\testEzWhAPI.js",
                  "file": "\\acceptanceTest\\testEzWhAPI.js",
                  "beforeHooks": [],
                  "afterHooks": [],
                  "tests": [
                    {
                      "title": "Change a state of a restock order",
                      "fullTitle": "Testing Functional requirements pt2 Test RestockOrder CRUD features put /api/restockOrder/:id/transportNote Change a state of a restock order",
                      "timedOut": false,
                      "duration": 196,
                      "state": "passed",
                      "speed": "slow",
                      "pass": true,
                      "fail": false,
                      "pending": false,
                      "context": null,
                      "code": "agent.get('/api/restockOrders')\n.then(function(res){\n    idsearch = res.body[0].id;\n    console.log(idsearch);\n    agent.put('/api/restockOrder/'+idsearch+'/transportNote')\n    .send({\"transportNote\":{\"deliveryDate\":\"2023/12/29 03:00\"}})\n    .then(function(res3){\n        res3.should.have.status(expCode);\n        done();\n    }).catch(err=>done(err));                 \n});",
                      "err": {},
                      "uuid": "4d18e692-253d-4805-9764-bac93582879f",
                      "parentUUID": "a05a066b-d589-49b0-86c6-d9faaddcd1a4",
                      "isHook": false,
                      "skipped": false
                    }
                  ],
                  "suites": [],
                  "passes": [
                    "4d18e692-253d-4805-9764-bac93582879f"
                  ],
                  "failures": [],
                  "pending": [],
                  "skipped": [],
                  "duration": 196,
                  "root": false,
                  "rootEmpty": false,
                  "_timeout": 10000
                },
                {
                  "uuid": "ad1f2945-d3ce-4ecc-9105-1e613e545032",
                  "title": "put /api/restockOrder/:id/transportNote",
                  "fullFile": "D:\\Documenti\\EzWarehouse\\Code\\EzWh\\code\\server\\acceptanceTest\\testEzWhAPI.js",
                  "file": "\\acceptanceTest\\testEzWhAPI.js",
                  "beforeHooks": [],
                  "afterHooks": [],
                  "tests": [
                    {
                      "title": "Change a state of a restock order",
                      "fullTitle": "Testing Functional requirements pt2 Test RestockOrder CRUD features put /api/restockOrder/:id/transportNote Change a state of a restock order",
                      "timedOut": false,
                      "duration": 8,
                      "state": "passed",
                      "speed": "fast",
                      "pass": true,
                      "fail": false,
                      "pending": false,
                      "context": null,
                      "code": "agent.get('/api/restockOrders')\n.then(function(res){\n    idsearch = 10000;\n    agent.put('/api/restockOrder/'+idsearch+'/transportNote')\n    .send({\"transportNote\":{\"deliveryDate\":\"2021/12/29\"}})\n    .then(function(res3){\n        res3.should.have.status(expCode);\n        done();\n    }).catch(err=>done(err));                 \n});",
                      "err": {},
                      "uuid": "70fe5e93-d8b5-4cec-851e-fea00aee1292",
                      "parentUUID": "ad1f2945-d3ce-4ecc-9105-1e613e545032",
                      "isHook": false,
                      "skipped": false
                    }
                  ],
                  "suites": [],
                  "passes": [
                    "70fe5e93-d8b5-4cec-851e-fea00aee1292"
                  ],
                  "failures": [],
                  "pending": [],
                  "skipped": [],
                  "duration": 8,
                  "root": false,
                  "rootEmpty": false,
                  "_timeout": 10000
                },
                {
                  "uuid": "b049d75b-356e-4d06-b85e-b72b20b01712",
                  "title": "Removing all Restock orders",
                  "fullFile": "D:\\Documenti\\EzWarehouse\\Code\\EzWh\\code\\server\\acceptanceTest\\testEzWhAPI.js",
                  "file": "\\acceptanceTest\\testEzWhAPI.js",
                  "beforeHooks": [],
                  "afterHooks": [],
                  "tests": [
                    {
                      "title": "Getting and removing",
                      "fullTitle": "Testing Functional requirements pt2 Test RestockOrder CRUD features Removing all Restock orders Getting and removing",
                      "timedOut": false,
                      "duration": 5,
                      "state": "passed",
                      "speed": "fast",
                      "pass": true,
                      "fail": false,
                      "pending": false,
                      "context": null,
                      "code": "agent.get('/api/restockOrders')\n.then(function(res){\n    res.should.have.status(200);\n    if(res.body.length !==0){\n        for( let i=0; i< res.body.length; i++){\n            agent.delete('/api/restockOrder/'+res.body[i].id)\n            .then(function(res2){\n                res2.should.have.status(204);\n            });\n        }\n    }\n    done();\n}).catch(err => done(err));",
                      "err": {},
                      "uuid": "10a2f297-1e7c-41ea-a80d-3e21841b01e6",
                      "parentUUID": "b049d75b-356e-4d06-b85e-b72b20b01712",
                      "isHook": false,
                      "skipped": false
                    }
                  ],
                  "suites": [],
                  "passes": [
                    "10a2f297-1e7c-41ea-a80d-3e21841b01e6"
                  ],
                  "failures": [],
                  "pending": [],
                  "skipped": [],
                  "duration": 5,
                  "root": false,
                  "rootEmpty": false,
                  "_timeout": 10000
                },
                {
                  "uuid": "ef3b7817-2ff7-4466-9dc8-a866e19dcc6f",
                  "title": "removing all skuitems",
                  "fullFile": "D:\\Documenti\\EzWarehouse\\Code\\EzWh\\code\\server\\acceptanceTest\\testEzWhAPI.js",
                  "file": "\\acceptanceTest\\testEzWhAPI.js",
                  "beforeHooks": [],
                  "afterHooks": [],
                  "tests": [
                    {
                      "title": "Getting SKUitems",
                      "fullTitle": "Testing Functional requirements pt2 Test RestockOrder CRUD features removing all skuitems Getting SKUitems",
                      "timedOut": false,
                      "duration": 917,
                      "state": "passed",
                      "speed": "slow",
                      "pass": true,
                      "fail": false,
                      "pending": false,
                      "context": null,
                      "code": "const res = await agent.get('/api/skuitems');\nconsole.log(res.body);\nres.should.have.status(200);\nif (res.body.length !==0) {\n    let res2;\n    for (let i = 0; i < res.body.length; i++) {\n        res2 = await\n        agent.delete('/api/skuitems/'+res.body[i].RFID);\n        res2.should.have.status(204);\n        console.log(\"Deleted \"+ res.body[i].RFID);\n    }\n}\nconsole.log(\"done!\");",
                      "err": {},
                      "uuid": "5adfc1de-1e6b-4e8d-b9e0-39b0106b8a26",
                      "parentUUID": "ef3b7817-2ff7-4466-9dc8-a866e19dcc6f",
                      "isHook": false,
                      "skipped": false
                    }
                  ],
                  "suites": [],
                  "passes": [
                    "5adfc1de-1e6b-4e8d-b9e0-39b0106b8a26"
                  ],
                  "failures": [],
                  "pending": [],
                  "skipped": [],
                  "duration": 917,
                  "root": false,
                  "rootEmpty": false,
                  "_timeout": 10000
                },
                {
                  "uuid": "3db78d92-3530-4f27-ad5a-ff7c43ba3a21",
                  "title": "removing all skus",
                  "fullFile": "D:\\Documenti\\EzWarehouse\\Code\\EzWh\\code\\server\\acceptanceTest\\testEzWhAPI.js",
                  "file": "\\acceptanceTest\\testEzWhAPI.js",
                  "beforeHooks": [],
                  "afterHooks": [],
                  "tests": [
                    {
                      "title": "Getting SKUs",
                      "fullTitle": "Testing Functional requirements pt2 Test RestockOrder CRUD features removing all skus Getting SKUs",
                      "timedOut": false,
                      "duration": 123,
                      "state": "passed",
                      "speed": "slow",
                      "pass": true,
                      "fail": false,
                      "pending": false,
                      "context": null,
                      "code": "agent.get('/api/skus')\n.then(function (res) {\n    res.should.have.status(200);\n    if (res.body.length !==0) {\n        for (let i = 0; i < res.body.length; i++) {\n            agent.delete('/api/skus/'+res.body[i].id)\n            .then(function (res2) {\n                res2.should.have.status(204);\n            });\n        }\n    } \n    done();\n}).catch(err => done(err));",
                      "err": {},
                      "uuid": "a15dceb3-3375-4cf8-8a27-a9e2eeb9412f",
                      "parentUUID": "3db78d92-3530-4f27-ad5a-ff7c43ba3a21",
                      "isHook": false,
                      "skipped": false
                    }
                  ],
                  "suites": [],
                  "passes": [
                    "a15dceb3-3375-4cf8-8a27-a9e2eeb9412f"
                  ],
                  "failures": [],
                  "pending": [],
                  "skipped": [],
                  "duration": 123,
                  "root": false,
                  "rootEmpty": false,
                  "_timeout": 10000
                }
              ],
              "passes": [],
              "failures": [],
              "pending": [],
              "skipped": [],
              "duration": 0,
              "root": false,
              "rootEmpty": false,
              "_timeout": 10000
            }
          ],
          "passes": [],
          "failures": [],
          "pending": [],
          "skipped": [],
          "duration": 0,
          "root": false,
          "rootEmpty": false,
          "_timeout": 10000
        }
      ],
      "passes": [],
      "failures": [],
      "pending": [],
      "skipped": [],
      "duration": 0,
      "root": true,
      "rootEmpty": true,
      "_timeout": 10000
    }
  ],
  "meta": {
    "mocha": {
      "version": "9.2.2"
    },
    "mochawesome": {
      "options": {
        "quiet": false,
        "reportFilename": "mochawesome",
        "saveHtml": true,
        "saveJson": true,
        "consoleReporter": "spec",
        "useInlineDiffs": false,
        "code": true
      },
      "version": "7.1.3"
    },
    "marge": {
      "options": null,
      "version": "6.2.0"
    }
  }
}